# JRE version: OpenJDK Runtime Environment Temurin-11.0.15+10 (11.0.15+10) (build 11.0.15+10)
# Java VM: OpenJDK 64-Bit Server VM Temurin-11.0.15+10 (11.0.15+10, mixed mode, tiered, compressed oops, g1 gc, linux-amd64)
Heap:
 garbage-first heap   total 247808K, used 50382K [0x000000070ec00000, 0x0000000800000000)
  region size 1024K, 32 young (32768K), 7 survivors (7168K)
 Metaspace       used 31068K, capacity 31871K, committed 32256K, reserved 1077248K
  class space    used 3940K, capacity 4302K, committed 4352K, reserved 1048576K
GC Heap History (12 events):
Event: 1.920 GC heap before
{Heap before GC invocations=0 (full 0):
 garbage-first heap   total 247808K, used 18432K [0x000000070ec00000, 0x0000000800000000)
  region size 1024K, 14 young (14336K), 0 survivors (0K)
 Metaspace       used 7488K, capacity 7634K, committed 7936K, reserved 1056768K
  class space    used 626K, capacity 650K, committed 768K, reserved 1048576K
}
Event: 1.924 GC heap after
{Heap after GC invocations=1 (full 0):
 garbage-first heap   total 247808K, used 15851K [0x000000070ec00000, 0x0000000800000000)
  region size 1024K, 2 young (2048K), 2 survivors (2048K)
 Metaspace       used 7488K, capacity 7634K, committed 7936K, reserved 1056768K
  class space    used 626K, capacity 650K, committed 768K, reserved 1048576K
}
Event: 2.773 GC heap before
{Heap before GC invocations=1 (full 0):
 garbage-first heap   total 247808K, used 25067K [0x000000070ec00000, 0x0000000800000000)
  region size 1024K, 12 young (12288K), 2 survivors (2048K)
 Metaspace       used 12878K, capacity 13151K, committed 13440K, reserved 1060864K
  class space    used 1208K, capacity 1331K, committed 1408K, reserved 1048576K
}
Event: 2.790 GC heap after
{Heap after GC invocations=2 (full 0):
 garbage-first heap   total 247808K, used 16585K [0x000000070ec00000, 0x0000000800000000)
  region size 1024K, 1 young (1024K), 1 survivors (1024K)
 Metaspace       used 12878K, capacity 13151K, committed 13440K, reserved 1060864K
  class space    used 1208K, capacity 1331K, committed 1408K, reserved 1048576K
}
Event: 3.259 GC heap before
{Heap before GC invocations=2 (full 0):
 garbage-first heap   total 247808K, used 36041K [0x000000070ec00000, 0x0000000800000000)
  region size 1024K, 20 young (20480K), 1 survivors (1024K)
 Metaspace       used 16052K, capacity 16494K, committed 16768K, reserved 1064960K
  class space    used 1675K, capacity 1853K, committed 1920K, reserved 1048576K
}
Event: 3.262 GC heap after
{Heap after GC invocations=3 (full 0):
 garbage-first heap   total 247808K, used 17675K [0x000000070ec00000, 0x0000000800000000)
  region size 1024K, 3 young (3072K), 3 survivors (3072K)
 Metaspace       used 16052K, capacity 16494K, committed 16768K, reserved 1064960K
  class space    used 1675K, capacity 1853K, committed 1920K, reserved 1048576K
}
Event: 3.788 GC heap before
{Heap before GC invocations=3 (full 0):
 garbage-first heap   total 247808K, used 49419K [0x000000070ec00000, 0x0000000800000000)
  region size 1024K, 33 young (33792K), 3 survivors (3072K)
 Metaspace       used 20418K, capacity 20932K, committed 21120K, reserved 1067008K
  class space    used 2409K, capacity 2610K, committed 2688K, reserved 1048576K
}
Event: 3.791 GC heap after
{Heap after GC invocations=4 (full 0):
 garbage-first heap   total 247808K, used 20636K [0x000000070ec00000, 0x0000000800000000)
  region size 1024K, 4 young (4096K), 4 survivors (4096K)
 Metaspace       used 20418K, capacity 20932K, committed 21120K, reserved 1067008K
  class space    used 2409K, capacity 2610K, committed 2688K, reserved 1048576K
}
Event: 3.804 GC heap before
{Heap before GC invocations=4 (full 0):
 garbage-first heap   total 247808K, used 22684K [0x000000070ec00000, 0x0000000800000000)
  region size 1024K, 7 young (7168K), 4 survivors (4096K)
 Metaspace       used 20682K, capacity 21197K, committed 21296K, reserved 1069056K
  class space    used 2453K, capacity 2657K, committed 2688K, reserved 1048576K
}
Event: 3.807 GC heap after
{Heap after GC invocations=5 (full 0):
 garbage-first heap   total 247808K, used 20709K [0x000000070ec00000, 0x0000000800000000)
  region size 1024K, 4 young (4096K), 4 survivors (4096K)
 Metaspace       used 20682K, capacity 21197K, committed 21296K, reserved 1069056K
  class space    used 2453K, capacity 2657K, committed 2688K, reserved 1048576K
}
Event: 4.566 GC heap before
{Heap before GC invocations=6 (full 0):
 garbage-first heap   total 247808K, used 87269K [0x000000070ec00000, 0x0000000800000000)
  region size 1024K, 70 young (71680K), 4 survivors (4096K)
 Metaspace       used 29339K, capacity 30103K, committed 30464K, reserved 1075200K
  class space    used 3750K, capacity 4076K, committed 4096K, reserved 1048576K
}
Event: 4.574 GC heap after
{Heap after GC invocations=7 (full 0):
 garbage-first heap   total 247808K, used 23758K [0x000000070ec00000, 0x0000000800000000)
  region size 1024K, 7 young (7168K), 7 survivors (7168K)
 Metaspace       used 29339K, capacity 30103K, committed 30464K, reserved 1075200K
  class space    used 3750K, capacity 4076K, committed 4096K, reserved 1048576K
}

